c:\proyecto\jlink-pico-probe\dll\build64\jlink_x64.dir\release\jlink_api.obj
c:\proyecto\jlink-pico-probe\dll\build64\jlink_x64.dir\release\jtag_tap_track.obj
c:\proyecto\jlink-pico-probe\dll\build64\jlink_x64.dir\release\jtag_chain.obj
c:\proyecto\jlink-pico-probe\dll\build64\jlink_x64.dir\release\com_detect.obj
c:\proyecto\jlink-pico-probe\dll\build64\jlink_x64.dir\release\pico_transport.obj
c:\proyecto\jlink-pico-probe\dll\build64\cmakefiles\generate.stamp
c:\proyecto\jlink-pico-probe\dll\build64\release\jlink_x64.dll
c:\proyecto\jlink-pico-probe\dll\build64\release\jlink_x64.lib
c:\proyecto\jlink-pico-probe\dll\build64\release\jlink_x64.exp
c:\proyecto\jlink-pico-probe\dll\build64\jlink_x64.dir\release\jlink_x64.tlog\cl.command.1.tlog
c:\proyecto\jlink-pico-probe\dll\build64\jlink_x64.dir\release\jlink_x64.tlog\cl.items.tlog
c:\proyecto\jlink-pico-probe\dll\build64\jlink_x64.dir\release\jlink_x64.tlog\cl.read.1.tlog
c:\proyecto\jlink-pico-probe\dll\build64\jlink_x64.dir\release\jlink_x64.tlog\cl.write.1.tlog
c:\proyecto\jlink-pico-probe\dll\build64\jlink_x64.dir\release\jlink_x64.tlog\custombuild.command.1.tlog
c:\proyecto\jlink-pico-probe\dll\build64\jlink_x64.dir\release\jlink_x64.tlog\custombuild.read.1.tlog
c:\proyecto\jlink-pico-probe\dll\build64\jlink_x64.dir\release\jlink_x64.tlog\custombuild.write.1.tlog
c:\proyecto\jlink-pico-probe\dll\build64\jlink_x64.dir\release\jlink_x64.tlog\link.command.1.tlog
c:\proyecto\jlink-pico-probe\dll\build64\jlink_x64.dir\release\jlink_x64.tlog\link.read.1.tlog
c:\proyecto\jlink-pico-probe\dll\build64\jlink_x64.dir\release\jlink_x64.tlog\link.secondary.1.tlog
c:\proyecto\jlink-pico-probe\dll\build64\jlink_x64.dir\release\jlink_x64.tlog\link.write.1.tlog
